<?xml version="1.0" encoding="UTF-8"?>
<!-- Generated by org.testng.reporters.JUnitXMLReporter -->
<testsuite hostname="DESKTOP-A55RLL9" ignored="0" tests="3" failures="0" timestamp="2021-11-09T21:56:51 EST" time="42.523" errors="0">
  <testcase name="verifyApplication" time="0.131" classname="TC004_OrangeHRMApplication"/>
  <testcase name="verifyForgotPassword" time="0.356" classname="TC004_OrangeHRMApplication"/>
  <testcase name="login" time="4.338" classname="TC004_OrangeHRMApplication"/>
</testsuite>
